<?xml version="1.0" encoding="UTF-8"?>
<testsuite name="test.StudyTest" tests="2" skipped="1" failures="0" errors="0" timestamp="2020-10-19T11:09:42" hostname="DESKTOP-5M6ADBU" time="0.021">
  <properties/>
  <testcase name="create()" classname="test.StudyTest" time="0.018"/>
  <testcase name="create1()" classname="test.StudyTest" time="0.001">
    <skipped/>
  </testcase>
  <system-out><![CDATA[before all
before each
create
after each
after all
]]></system-out>
  <system-err><![CDATA[]]></system-err>
</testsuite>
